{"$message_type":"diagnostic","message":"symbol too long: length 27, max 9","code":null,"level":"error","spans":[{"file_name":"savings-goals/src/lib.rs","byte_start":3047,"byte_end":3076,"line_start":110,"line_end":110,"column_start":28,"column_end":57,"is_primary":true,"text":[{"text":"            &symbol_short!(\"verify_proof_with_stored_vk\"),","highlight_start":28,"highlight_end":57}],"label":null,"suggested_replacement":null,"suggestion_applicability":null,"expansion":null}],"children":[],"rendered":"\u001b[0m\u001b[1m\u001b[38;5;9merror\u001b[0m\u001b[0m\u001b[1m: symbol too long: length 27, max 9\u001b[0m\n\u001b[0m   \u001b[0m\u001b[0m\u001b[1m\u001b[38;5;12m--> \u001b[0m\u001b[0msavings-goals/src/lib.rs:110:28\u001b[0m\n\u001b[0m    \u001b[0m\u001b[0m\u001b[1m\u001b[38;5;12m|\u001b[0m\n\u001b[0m\u001b[1m\u001b[38;5;12m110\u001b[0m\u001b[0m \u001b[0m\u001b[0m\u001b[1m\u001b[38;5;12m|\u001b[0m\u001b[0m \u001b[0m\u001b[0m            &symbol_short!(\"verify_proof_with_stored_vk\"),\u001b[0m\n\u001b[0m    \u001b[0m\u001b[0m\u001b[1m\u001b[38;5;12m|\u001b[0m\u001b[0m                            \u001b[0m\u001b[0m\u001b[1m\u001b[38;5;9m^^^^^^^^^^^^^^^^^^^^^^^^^^^^^\u001b[0m\n\n"}
{"$message_type":"diagnostic","message":"unused import: `alloc::string::String`","code":{"code":"unused_imports","explanation":null},"level":"warning","spans":[{"file_name":"savings-goals/src/lib.rs","byte_start":36,"byte_end":57,"line_start":4,"line_end":4,"column_start":5,"column_end":26,"is_primary":true,"text":[{"text":"use alloc::string::String;","highlight_start":5,"highlight_end":26}],"label":null,"suggested_replacement":null,"suggestion_applicability":null,"expansion":null}],"children":[{"message":"`#[warn(unused_imports)]` (part of `#[warn(unused)]`) on by default","code":null,"level":"note","spans":[],"children":[],"rendered":null},{"message":"remove the whole `use` item","code":null,"level":"help","spans":[{"file_name":"savings-goals/src/lib.rs","byte_start":32,"byte_end":59,"line_start":4,"line_end":5,"column_start":1,"column_end":1,"is_primary":true,"text":[{"text":"use alloc::string::String;","highlight_start":1,"highlight_end":27},{"text":"","highlight_start":1,"highlight_end":1}],"label":null,"suggested_replacement":"","suggestion_applicability":"MachineApplicable","expansion":null}],"children":[],"rendered":null}],"rendered":"\u001b[0m\u001b[1m\u001b[33mwarning\u001b[0m\u001b[0m\u001b[1m: unused import: `alloc::string::String`\u001b[0m\n\u001b[0m \u001b[0m\u001b[0m\u001b[1m\u001b[38;5;12m--> \u001b[0m\u001b[0msavings-goals/src/lib.rs:4:5\u001b[0m\n\u001b[0m  \u001b[0m\u001b[0m\u001b[1m\u001b[38;5;12m|\u001b[0m\n\u001b[0m\u001b[1m\u001b[38;5;12m4\u001b[0m\u001b[0m \u001b[0m\u001b[0m\u001b[1m\u001b[38;5;12m|\u001b[0m\u001b[0m \u001b[0m\u001b[0muse alloc::string::String;\u001b[0m\n\u001b[0m  \u001b[0m\u001b[0m\u001b[1m\u001b[38;5;12m|\u001b[0m\u001b[0m     \u001b[0m\u001b[0m\u001b[1m\u001b[33m^^^^^^^^^^^^^^^^^^^^^\u001b[0m\n\u001b[0m  \u001b[0m\u001b[0m\u001b[1m\u001b[38;5;12m|\u001b[0m\n\u001b[0m  \u001b[0m\u001b[0m\u001b[1m\u001b[38;5;12m= \u001b[0m\u001b[0m\u001b[1mnote\u001b[0m\u001b[0m: `#[warn(unused_imports)]` (part of `#[warn(unused)]`) on by default\u001b[0m\n\n"}
{"$message_type":"diagnostic","message":"unused import: `panic_with_error`","code":{"code":"unused_imports","explanation":null},"level":"warning","spans":[{"file_name":"savings-goals/src/lib.rs","byte_start":122,"byte_end":138,"line_start":7,"line_end":7,"column_start":44,"column_end":60,"is_primary":true,"text":[{"text":"    contract, contracterror, contractimpl, panic_with_error, symbol_short, Address, Bytes, BytesN,","highlight_start":44,"highlight_end":60}],"label":null,"suggested_replacement":null,"suggestion_applicability":null,"expansion":null}],"children":[{"message":"remove the unused import","code":null,"level":"help","spans":[{"file_name":"savings-goals/src/lib.rs","byte_start":120,"byte_end":138,"line_start":7,"line_end":7,"column_start":42,"column_end":60,"is_primary":true,"text":[{"text":"    contract, contracterror, contractimpl, panic_with_error, symbol_short, Address, Bytes, BytesN,","highlight_start":42,"highlight_end":60}],"label":null,"suggested_replacement":"","suggestion_applicability":"MachineApplicable","expansion":null}],"children":[],"rendered":null}],"rendered":"\u001b[0m\u001b[1m\u001b[33mwarning\u001b[0m\u001b[0m\u001b[1m: unused import: `panic_with_error`\u001b[0m\n\u001b[0m \u001b[0m\u001b[0m\u001b[1m\u001b[38;5;12m--> \u001b[0m\u001b[0msavings-goals/src/lib.rs:7:44\u001b[0m\n\u001b[0m  \u001b[0m\u001b[0m\u001b[1m\u001b[38;5;12m|\u001b[0m\n\u001b[0m\u001b[1m\u001b[38;5;12m7\u001b[0m\u001b[0m \u001b[0m\u001b[0m\u001b[1m\u001b[38;5;12m|\u001b[0m\u001b[0m \u001b[0m\u001b[0m    contract, contracterror, contractimpl, panic_with_error, symbol_short, Address, Bytes, BytesN,\u001b[0m\n\u001b[0m  \u001b[0m\u001b[0m\u001b[1m\u001b[38;5;12m|\u001b[0m\u001b[0m                                            \u001b[0m\u001b[0m\u001b[1m\u001b[33m^^^^^^^^^^^^^^^^\u001b[0m\n\n"}
{"$message_type":"diagnostic","message":"expected function, found macro `panic_with_error`","code":{"code":"E0423","explanation":"An identifier was used like a function name or a value was expected and the\nidentifier exists but it belongs to a different namespace.\n\nErroneous code example:\n\n```compile_fail,E0423\nstruct Foo { a: bool };\n\nlet f = Foo();\n// error: expected function, tuple struct or tuple variant, found `Foo`\n// `Foo` is a struct name, but this expression uses it like a function name\n```\n\nPlease verify you didn't misspell the name of what you actually wanted to use\nhere. Example:\n\n```\nfn Foo() -> u32 { 0 }\n\nlet f = Foo(); // ok!\n```\n\nIt is common to forget the trailing `!` on macro invocations, which would also\nyield this error:\n\n```compile_fail,E0423\nprintln(\"\");\n// error: expected function, tuple struct or tuple variant,\n// found macro `println`\n// did you mean `println!(...)`? (notice the trailing `!`)\n```\n\nAnother case where this error is emitted is when a value is expected, but\nsomething else is found:\n\n```compile_fail,E0423\npub mod a {\n    pub const I: i32 = 1;\n}\n\nfn h1() -> i32 {\n    a.I\n    //~^ ERROR expected value, found module `a`\n    // did you mean `a::I`?\n}\n```\n"},"level":"error","spans":[{"file_name":"savings-goals/src/lib.rs","byte_start":1167,"byte_end":1183,"line_start":46,"line_end":46,"column_start":13,"column_end":29,"is_primary":true,"text":[{"text":"            panic_with_error(&env, &Error::InvalidAmount);","highlight_start":13,"highlight_end":29}],"label":"not a function","suggested_replacement":null,"suggestion_applicability":null,"expansion":null}],"children":[{"message":"use `!` to invoke the macro","code":null,"level":"help","spans":[{"file_name":"savings-goals/src/lib.rs","byte_start":1183,"byte_end":1183,"line_start":46,"line_end":46,"column_start":29,"column_end":29,"is_primary":true,"text":[{"text":"            panic_with_error(&env, &Error::InvalidAmount);","highlight_start":29,"highlight_end":29}],"label":null,"suggested_replacement":"!","suggestion_applicability":"MaybeIncorrect","expansion":null}],"children":[],"rendered":null},{"message":"use the `.` operator to call the method `panic_with_error` on `&Env`","code":null,"level":"help","spans":[{"file_name":"savings-goals/src/lib.rs","byte_start":1167,"byte_end":1184,"line_start":46,"line_end":46,"column_start":13,"column_end":30,"is_primary":true,"text":[{"text":"            panic_with_error(&env, &Error::InvalidAmount);","highlight_start":13,"highlight_end":30}],"label":null,"suggested_replacement":"(","suggestion_applicability":"MaybeIncorrect","expansion":null},{"file_name":"savings-goals/src/lib.rs","byte_start":1188,"byte_end":1212,"line_start":46,"line_end":46,"column_start":34,"column_end":58,"is_primary":true,"text":[{"text":"            panic_with_error(&env, &Error::InvalidAmount);","highlight_start":34,"highlight_end":58}],"label":null,"suggested_replacement":").panic_with_error(&Error::InvalidAmount)","suggestion_applicability":"MaybeIncorrect","expansion":null}],"children":[],"rendered":null}],"rendered":"\u001b[0m\u001b[1m\u001b[38;5;9merror[E0423]\u001b[0m\u001b[0m\u001b[1m: expected function, found macro `panic_with_error`\u001b[0m\n\u001b[0m  \u001b[0m\u001b[0m\u001b[1m\u001b[38;5;12m--> \u001b[0m\u001b[0msavings-goals/src/lib.rs:46:13\u001b[0m\n\u001b[0m   \u001b[0m\u001b[0m\u001b[1m\u001b[38;5;12m|\u001b[0m\n\u001b[0m\u001b[1m\u001b[38;5;12m46\u001b[0m\u001b[0m \u001b[0m\u001b[0m\u001b[1m\u001b[38;5;12m|\u001b[0m\u001b[0m \u001b[0m\u001b[0m            panic_with_error(&env, &Error::InvalidAmount);\u001b[0m\n\u001b[0m   \u001b[0m\u001b[0m\u001b[1m\u001b[38;5;12m|\u001b[0m\u001b[0m             \u001b[0m\u001b[0m\u001b[1m\u001b[38;5;9m^^^^^^^^^^^^^^^^\u001b[0m\u001b[0m \u001b[0m\u001b[0m\u001b[1m\u001b[38;5;9mnot a function\u001b[0m\n\u001b[0m   \u001b[0m\u001b[0m\u001b[1m\u001b[38;5;12m|\u001b[0m\n\u001b[0m\u001b[1m\u001b[38;5;14mhelp\u001b[0m\u001b[0m: use `!` to invoke the macro\u001b[0m\n\u001b[0m   \u001b[0m\u001b[0m\u001b[1m\u001b[38;5;12m|\u001b[0m\n\u001b[0m\u001b[1m\u001b[38;5;12m46\u001b[0m\u001b[0m \u001b[0m\u001b[0m\u001b[1m\u001b[38;5;12m| \u001b[0m\u001b[0m            panic_with_error\u001b[0m\u001b[0m\u001b[38;5;10m!\u001b[0m\u001b[0m(&env, &Error::InvalidAmount);\u001b[0m\n\u001b[0m   \u001b[0m\u001b[0m\u001b[1m\u001b[38;5;12m|\u001b[0m\u001b[0m                             \u001b[0m\u001b[0m\u001b[38;5;10m+\u001b[0m\n\u001b[0m\u001b[1m\u001b[38;5;14mhelp\u001b[0m\u001b[0m: use the `.` operator to call the method `panic_with_error` on `&Env`\u001b[0m\n\u001b[0m   \u001b[0m\u001b[0m\u001b[1m\u001b[38;5;12m|\u001b[0m\n\u001b[0m\u001b[1m\u001b[38;5;12m46\u001b[0m\u001b[0m \u001b[0m\u001b[0m\u001b[38;5;9m- \u001b[0m\u001b[0m            \u001b[0m\u001b[0m\u001b[38;5;9mpanic_with_error(\u001b[0m\u001b[0m&env\u001b[0m\u001b[0m\u001b[38;5;9m, &Error::InvalidAmount)\u001b[0m\u001b[0m;\u001b[0m\n\u001b[0m\u001b[1m\u001b[38;5;12m46\u001b[0m\u001b[0m \u001b[0m\u001b[0m\u001b[38;5;10m+ \u001b[0m\u001b[0m            \u001b[0m\u001b[0m\u001b[38;5;10m(\u001b[0m\u001b[0m&env\u001b[0m\u001b[0m\u001b[38;5;10m).panic_with_error(&Error::InvalidAmount)\u001b[0m\u001b[0m;\u001b[0m\n\u001b[0m   \u001b[0m\u001b[0m\u001b[1m\u001b[38;5;12m|\u001b[0m\n\n"}
{"$message_type":"diagnostic","message":"no method named `invoker` found for struct `Env` in the current scope","code":{"code":"E0599","explanation":"This error occurs when a method is used on a type which doesn't implement it:\n\nErroneous code example:\n\n```compile_fail,E0599\nstruct Mouth;\n\nlet x = Mouth;\nx.chocolate(); // error: no method named `chocolate` found for type `Mouth`\n               //        in the current scope\n```\n\nIn this case, you need to implement the `chocolate` method to fix the error:\n\n```\nstruct Mouth;\n\nimpl Mouth {\n    fn chocolate(&self) { // We implement the `chocolate` method here.\n        println!(\"Hmmm! I love chocolate!\");\n    }\n}\n\nlet x = Mouth;\nx.chocolate(); // ok!\n```\n"},"level":"error","spans":[{"file_name":"savings-goals/src/lib.rs","byte_start":1248,"byte_end":1255,"line_start":49,"line_end":49,"column_start":24,"column_end":31,"is_primary":true,"text":[{"text":"        let user = env.invoker();","highlight_start":24,"highlight_end":31}],"label":"method not found in `Env`","suggested_replacement":null,"suggestion_applicability":null,"expansion":null}],"children":[],"rendered":"\u001b[0m\u001b[1m\u001b[38;5;9merror[E0599]\u001b[0m\u001b[0m\u001b[1m: no method named `invoker` found for struct `Env` in the current scope\u001b[0m\n\u001b[0m  \u001b[0m\u001b[0m\u001b[1m\u001b[38;5;12m--> \u001b[0m\u001b[0msavings-goals/src/lib.rs:49:24\u001b[0m\n\u001b[0m   \u001b[0m\u001b[0m\u001b[1m\u001b[38;5;12m|\u001b[0m\n\u001b[0m\u001b[1m\u001b[38;5;12m49\u001b[0m\u001b[0m \u001b[0m\u001b[0m\u001b[1m\u001b[38;5;12m|\u001b[0m\u001b[0m \u001b[0m\u001b[0m        let user = env.invoker();\u001b[0m\n\u001b[0m   \u001b[0m\u001b[0m\u001b[1m\u001b[38;5;12m|\u001b[0m\u001b[0m                        \u001b[0m\u001b[0m\u001b[1m\u001b[38;5;9m^^^^^^^\u001b[0m\u001b[0m \u001b[0m\u001b[0m\u001b[1m\u001b[38;5;9mmethod not found in `Env`\u001b[0m\n\n"}
{"$message_type":"diagnostic","message":"no method named `invoker` found for struct `Env` in the current scope","code":{"code":"E0599","explanation":"This error occurs when a method is used on a type which doesn't implement it:\n\nErroneous code example:\n\n```compile_fail,E0599\nstruct Mouth;\n\nlet x = Mouth;\nx.chocolate(); // error: no method named `chocolate` found for type `Mouth`\n               //        in the current scope\n```\n\nIn this case, you need to implement the `chocolate` method to fix the error:\n\n```\nstruct Mouth;\n\nimpl Mouth {\n    fn chocolate(&self) { // We implement the `chocolate` method here.\n        println!(\"Hmmm! I love chocolate!\");\n    }\n}\n\nlet x = Mouth;\nx.chocolate(); // ok!\n```\n"},"level":"error","spans":[{"file_name":"savings-goals/src/lib.rs","byte_start":1982,"byte_end":1989,"line_start":70,"line_end":70,"column_start":24,"column_end":31,"is_primary":true,"text":[{"text":"        let user = env.invoker();","highlight_start":24,"highlight_end":31}],"label":"method not found in `Env`","suggested_replacement":null,"suggestion_applicability":null,"expansion":null}],"children":[],"rendered":"\u001b[0m\u001b[1m\u001b[38;5;9merror[E0599]\u001b[0m\u001b[0m\u001b[1m: no method named `invoker` found for struct `Env` in the current scope\u001b[0m\n\u001b[0m  \u001b[0m\u001b[0m\u001b[1m\u001b[38;5;12m--> \u001b[0m\u001b[0msavings-goals/src/lib.rs:70:24\u001b[0m\n\u001b[0m   \u001b[0m\u001b[0m\u001b[1m\u001b[38;5;12m|\u001b[0m\n\u001b[0m\u001b[1m\u001b[38;5;12m70\u001b[0m\u001b[0m \u001b[0m\u001b[0m\u001b[1m\u001b[38;5;12m|\u001b[0m\u001b[0m \u001b[0m\u001b[0m        let user = env.invoker();\u001b[0m\n\u001b[0m   \u001b[0m\u001b[0m\u001b[1m\u001b[38;5;12m|\u001b[0m\u001b[0m                        \u001b[0m\u001b[0m\u001b[1m\u001b[38;5;9m^^^^^^^\u001b[0m\u001b[0m \u001b[0m\u001b[0m\u001b[1m\u001b[38;5;9mmethod not found in `Env`\u001b[0m\n\n"}
{"$message_type":"diagnostic","message":"no function or associated item named `try_from_val` found for struct `soroban_sdk::BytesN<N>` in the current scope","code":{"code":"E0599","explanation":"This error occurs when a method is used on a type which doesn't implement it:\n\nErroneous code example:\n\n```compile_fail,E0599\nstruct Mouth;\n\nlet x = Mouth;\nx.chocolate(); // error: no method named `chocolate` found for type `Mouth`\n               //        in the current scope\n```\n\nIn this case, you need to implement the `chocolate` method to fix the error:\n\n```\nstruct Mouth;\n\nimpl Mouth {\n    fn chocolate(&self) { // We implement the `chocolate` method here.\n        println!(\"Hmmm! I love chocolate!\");\n    }\n}\n\nlet x = Mouth;\nx.chocolate(); // ok!\n```\n"},"level":"error","spans":[{"file_name":"savings-goals/src/lib.rs","byte_start":3131,"byte_end":3143,"line_start":114,"line_end":114,"column_start":23,"column_end":35,"is_primary":true,"text":[{"text":"        BytesN::<32>::try_from_val(env, &result).map_err(|_| Error::VerifierCallFailed)","highlight_start":23,"highlight_end":35}],"label":"function or associated item not found in `soroban_sdk::BytesN<32>`","suggested_replacement":null,"suggestion_applicability":null,"expansion":null}],"children":[{"message":"if you're trying to build a new `soroban_sdk::BytesN<32>`, consider using `soroban_sdk::BytesN::<N>::from_array` which returns `soroban_sdk::BytesN<_>`","code":null,"level":"note","spans":[{"file_name":"/Users/gerryp/.cargo/git/checkouts/rs-soroban-sdk-df48d49759b97bac/3cf10a9/soroban-sdk/src/bytes.rs","byte_start":30827,"byte_end":30885,"line_start":1179,"line_end":1179,"column_start":5,"column_end":63,"is_primary":true,"text":[{"text":"    pub fn from_array(env: &Env, items: &[u8; N]) -> BytesN<N> {","highlight_start":5,"highlight_end":63}],"label":null,"suggested_replacement":null,"suggestion_applicability":null,"expansion":null}],"children":[],"rendered":null},{"message":"items from traits can only be used if the trait is in scope","code":null,"level":"help","spans":[],"children":[],"rendered":null},{"message":"trait `TryFromVal` which provides `try_from_val` is implemented but not in scope; perhaps you want to import it","code":null,"level":"help","spans":[{"file_name":"savings-goals/src/lib.rs","byte_start":11,"byte_end":11,"line_start":2,"line_end":2,"column_start":1,"column_end":1,"is_primary":true,"text":[{"text":"extern crate alloc;","highlight_start":1,"highlight_end":1}],"label":null,"suggested_replacement":"use soroban_sdk::TryFromVal;\n","suggestion_applicability":"MaybeIncorrect","expansion":null}],"children":[],"rendered":null},{"message":"there is an associated function `from_val` with a similar name","code":null,"level":"help","spans":[{"file_name":"savings-goals/src/lib.rs","byte_start":3131,"byte_end":3143,"line_start":114,"line_end":114,"column_start":23,"column_end":35,"is_primary":true,"text":[{"text":"        BytesN::<32>::try_from_val(env, &result).map_err(|_| Error::VerifierCallFailed)","highlight_start":23,"highlight_end":35}],"label":null,"suggested_replacement":"from_val","suggestion_applicability":"MaybeIncorrect","expansion":null}],"children":[],"rendered":null}],"rendered":"\u001b[0m\u001b[1m\u001b[38;5;9merror[E0599]\u001b[0m\u001b[0m\u001b[1m: no function or associated item named `try_from_val` found for struct `soroban_sdk::BytesN<N>` in the current scope\u001b[0m\n\u001b[0m    \u001b[0m\u001b[0m\u001b[1m\u001b[38;5;12m--> \u001b[0m\u001b[0msavings-goals/src/lib.rs:114:23\u001b[0m\n\u001b[0m     \u001b[0m\u001b[0m\u001b[1m\u001b[38;5;12m|\u001b[0m\n\u001b[0m \u001b[0m\u001b[0m\u001b[1m\u001b[38;5;12m114\u001b[0m\u001b[0m \u001b[0m\u001b[0m\u001b[1m\u001b[38;5;12m|\u001b[0m\u001b[0m \u001b[0m\u001b[0m        BytesN::<32>::try_from_val(env, &result).map_err(|_| Error::VerifierCallFailed)\u001b[0m\n\u001b[0m     \u001b[0m\u001b[0m\u001b[1m\u001b[38;5;12m|\u001b[0m\u001b[0m                       \u001b[0m\u001b[0m\u001b[1m\u001b[38;5;9m^^^^^^^^^^^^\u001b[0m\u001b[0m \u001b[0m\u001b[0m\u001b[1m\u001b[38;5;9mfunction or associated item not found in `soroban_sdk::BytesN<32>`\u001b[0m\n\u001b[0m     \u001b[0m\u001b[0m\u001b[1m\u001b[38;5;12m|\u001b[0m\n\u001b[0m\u001b[1m\u001b[38;5;10mnote\u001b[0m\u001b[0m: if you're trying to build a new `soroban_sdk::BytesN<32>`, consider using `soroban_sdk::BytesN::<N>::from_array` which returns `soroban_sdk::BytesN<_>`\u001b[0m\n\u001b[0m    \u001b[0m\u001b[0m\u001b[1m\u001b[38;5;12m--> \u001b[0m\u001b[0m/Users/gerryp/.cargo/git/checkouts/rs-soroban-sdk-df48d49759b97bac/3cf10a9/soroban-sdk/src/bytes.rs:1179:5\u001b[0m\n\u001b[0m     \u001b[0m\u001b[0m\u001b[1m\u001b[38;5;12m|\u001b[0m\n\u001b[0m\u001b[1m\u001b[38;5;12m1179\u001b[0m\u001b[0m \u001b[0m\u001b[0m\u001b[1m\u001b[38;5;12m|\u001b[0m\u001b[0m \u001b[0m\u001b[0m    pub fn from_array(env: &Env, items: &[u8; N]) -> BytesN<N> {\u001b[0m\n\u001b[0m     \u001b[0m\u001b[0m\u001b[1m\u001b[38;5;12m|\u001b[0m\u001b[0m     \u001b[0m\u001b[0m\u001b[1m\u001b[38;5;10m^^^^^^^^^^^^^^^^^^^^^^^^^^^^^^^^^^^^^^^^^^^^^^^^^^^^^^^^^^\u001b[0m\n\u001b[0m     \u001b[0m\u001b[0m\u001b[1m\u001b[38;5;12m= \u001b[0m\u001b[0m\u001b[1mhelp\u001b[0m\u001b[0m: items from traits can only be used if the trait is in scope\u001b[0m\n\u001b[0m\u001b[1m\u001b[38;5;14mhelp\u001b[0m\u001b[0m: trait `TryFromVal` which provides `try_from_val` is implemented but not in scope; perhaps you want to import it\u001b[0m\n\u001b[0m     \u001b[0m\u001b[0m\u001b[1m\u001b[38;5;12m|\u001b[0m\n\u001b[0m   \u001b[0m\u001b[0m\u001b[1m\u001b[38;5;12m2\u001b[0m\u001b[0m \u001b[0m\u001b[0m\u001b[38;5;10m+ use soroban_sdk::TryFromVal;\u001b[0m\n\u001b[0m     \u001b[0m\u001b[0m\u001b[1m\u001b[38;5;12m|\u001b[0m\n\u001b[0m\u001b[1m\u001b[38;5;14mhelp\u001b[0m\u001b[0m: there is an associated function `from_val` with a similar name\u001b[0m\n\u001b[0m     \u001b[0m\u001b[0m\u001b[1m\u001b[38;5;12m|\u001b[0m\n\u001b[0m \u001b[0m\u001b[0m\u001b[1m\u001b[38;5;12m114\u001b[0m\u001b[0m \u001b[0m\u001b[0m\u001b[38;5;9m- \u001b[0m\u001b[0m        BytesN::<32>::\u001b[0m\u001b[0m\u001b[38;5;9mtry_from_val\u001b[0m\u001b[0m(env, &result).map_err(|_| Error::VerifierCallFailed)\u001b[0m\n\u001b[0m \u001b[0m\u001b[0m\u001b[1m\u001b[38;5;12m114\u001b[0m\u001b[0m \u001b[0m\u001b[0m\u001b[38;5;10m+ \u001b[0m\u001b[0m        BytesN::<32>::\u001b[0m\u001b[0m\u001b[38;5;10mfrom_val\u001b[0m\u001b[0m(env, &result).map_err(|_| Error::VerifierCallFailed)\u001b[0m\n\u001b[0m     \u001b[0m\u001b[0m\u001b[1m\u001b[38;5;12m|\u001b[0m\n\n"}
{"$message_type":"diagnostic","message":"no method named `invoker` found for reference `&Env` in the current scope","code":{"code":"E0599","explanation":"This error occurs when a method is used on a type which doesn't implement it:\n\nErroneous code example:\n\n```compile_fail,E0599\nstruct Mouth;\n\nlet x = Mouth;\nx.chocolate(); // error: no method named `chocolate` found for type `Mouth`\n               //        in the current scope\n```\n\nIn this case, you need to implement the `chocolate` method to fix the error:\n\n```\nstruct Mouth;\n\nimpl Mouth {\n    fn chocolate(&self) { // We implement the `chocolate` method here.\n        println!(\"Hmmm! I love chocolate!\");\n    }\n}\n\nlet x = Mouth;\nx.chocolate(); // ok!\n```\n"},"level":"error","spans":[{"file_name":"savings-goals/src/lib.rs","byte_start":3668,"byte_end":3675,"line_start":135,"line_end":135,"column_start":35,"column_end":42,"is_primary":true,"text":[{"text":"                let invoker = env.invoker();","highlight_start":35,"highlight_end":42}],"label":"method not found in `&Env`","suggested_replacement":null,"suggestion_applicability":null,"expansion":null}],"children":[],"rendered":"\u001b[0m\u001b[1m\u001b[38;5;9merror[E0599]\u001b[0m\u001b[0m\u001b[1m: no method named `invoker` found for reference `&Env` in the current scope\u001b[0m\n\u001b[0m   \u001b[0m\u001b[0m\u001b[1m\u001b[38;5;12m--> \u001b[0m\u001b[0msavings-goals/src/lib.rs:135:35\u001b[0m\n\u001b[0m    \u001b[0m\u001b[0m\u001b[1m\u001b[38;5;12m|\u001b[0m\n\u001b[0m\u001b[1m\u001b[38;5;12m135\u001b[0m\u001b[0m \u001b[0m\u001b[0m\u001b[1m\u001b[38;5;12m|\u001b[0m\u001b[0m \u001b[0m\u001b[0m                let invoker = env.invoker();\u001b[0m\n\u001b[0m    \u001b[0m\u001b[0m\u001b[1m\u001b[38;5;12m|\u001b[0m\u001b[0m                                   \u001b[0m\u001b[0m\u001b[1m\u001b[38;5;9m^^^^^^^\u001b[0m\u001b[0m \u001b[0m\u001b[0m\u001b[1m\u001b[38;5;9mmethod not found in `&Env`\u001b[0m\n\n"}
{"$message_type":"diagnostic","message":"no method named `invoker` found for reference `&Env` in the current scope","code":{"code":"E0599","explanation":"This error occurs when a method is used on a type which doesn't implement it:\n\nErroneous code example:\n\n```compile_fail,E0599\nstruct Mouth;\n\nlet x = Mouth;\nx.chocolate(); // error: no method named `chocolate` found for type `Mouth`\n               //        in the current scope\n```\n\nIn this case, you need to implement the `chocolate` method to fix the error:\n\n```\nstruct Mouth;\n\nimpl Mouth {\n    fn chocolate(&self) { // We implement the `chocolate` method here.\n        println!(\"Hmmm! I love chocolate!\");\n    }\n}\n\nlet x = Mouth;\nx.chocolate(); // ok!\n```\n"},"level":"error","spans":[{"file_name":"savings-goals/src/lib.rs","byte_start":3853,"byte_end":3860,"line_start":142,"line_end":142,"column_start":16,"column_end":23,"is_primary":true,"text":[{"text":"        if env.invoker() != admin {","highlight_start":16,"highlight_end":23}],"label":"method not found in `&Env`","suggested_replacement":null,"suggestion_applicability":null,"expansion":null}],"children":[],"rendered":"\u001b[0m\u001b[1m\u001b[38;5;9merror[E0599]\u001b[0m\u001b[0m\u001b[1m: no method named `invoker` found for reference `&Env` in the current scope\u001b[0m\n\u001b[0m   \u001b[0m\u001b[0m\u001b[1m\u001b[38;5;12m--> \u001b[0m\u001b[0msavings-goals/src/lib.rs:142:16\u001b[0m\n\u001b[0m    \u001b[0m\u001b[0m\u001b[1m\u001b[38;5;12m|\u001b[0m\n\u001b[0m\u001b[1m\u001b[38;5;12m142\u001b[0m\u001b[0m \u001b[0m\u001b[0m\u001b[1m\u001b[38;5;12m|\u001b[0m\u001b[0m \u001b[0m\u001b[0m        if env.invoker() != admin {\u001b[0m\n\u001b[0m    \u001b[0m\u001b[0m\u001b[1m\u001b[38;5;12m|\u001b[0m\u001b[0m                \u001b[0m\u001b[0m\u001b[1m\u001b[38;5;9m^^^^^^^\u001b[0m\u001b[0m \u001b[0m\u001b[0m\u001b[1m\u001b[38;5;9mmethod not found in `&Env`\u001b[0m\n\n"}
{"$message_type":"diagnostic","message":"expected function, found macro `panic_with_error`","code":{"code":"E0423","explanation":"An identifier was used like a function name or a value was expected and the\nidentifier exists but it belongs to a different namespace.\n\nErroneous code example:\n\n```compile_fail,E0423\nstruct Foo { a: bool };\n\nlet f = Foo();\n// error: expected function, tuple struct or tuple variant, found `Foo`\n// `Foo` is a struct name, but this expression uses it like a function name\n```\n\nPlease verify you didn't misspell the name of what you actually wanted to use\nhere. Example:\n\n```\nfn Foo() -> u32 { 0 }\n\nlet f = Foo(); // ok!\n```\n\nIt is common to forget the trailing `!` on macro invocations, which would also\nyield this error:\n\n```compile_fail,E0423\nprintln(\"\");\n// error: expected function, tuple struct or tuple variant,\n// found macro `println`\n// did you mean `println!(...)`? (notice the trailing `!`)\n```\n\nAnother case where this error is emitted is when a value is expected, but\nsomething else is found:\n\n```compile_fail,E0423\npub mod a {\n    pub const I: i32 = 1;\n}\n\nfn h1() -> i32 {\n    a.I\n    //~^ ERROR expected value, found module `a`\n    // did you mean `a::I`?\n}\n```\n"},"level":"error","spans":[{"file_name":"savings-goals/src/lib.rs","byte_start":3886,"byte_end":3902,"line_start":143,"line_end":143,"column_start":13,"column_end":29,"is_primary":true,"text":[{"text":"            panic_with_error(&env, &Error::NotAuthorized);","highlight_start":13,"highlight_end":29}],"label":"not a function","suggested_replacement":null,"suggestion_applicability":null,"expansion":null}],"children":[{"message":"use `!` to invoke the macro","code":null,"level":"help","spans":[{"file_name":"savings-goals/src/lib.rs","byte_start":3902,"byte_end":3902,"line_start":143,"line_end":143,"column_start":29,"column_end":29,"is_primary":true,"text":[{"text":"            panic_with_error(&env, &Error::NotAuthorized);","highlight_start":29,"highlight_end":29}],"label":null,"suggested_replacement":"!","suggestion_applicability":"MaybeIncorrect","expansion":null}],"children":[],"rendered":null},{"message":"use the `.` operator to call the method `panic_with_error` on `&Env`","code":null,"level":"help","spans":[{"file_name":"savings-goals/src/lib.rs","byte_start":3886,"byte_end":3903,"line_start":143,"line_end":143,"column_start":13,"column_end":30,"is_primary":true,"text":[{"text":"            panic_with_error(&env, &Error::NotAuthorized);","highlight_start":13,"highlight_end":30}],"label":null,"suggested_replacement":"(","suggestion_applicability":"MaybeIncorrect","expansion":null},{"file_name":"savings-goals/src/lib.rs","byte_start":3907,"byte_end":3931,"line_start":143,"line_end":143,"column_start":34,"column_end":58,"is_primary":true,"text":[{"text":"            panic_with_error(&env, &Error::NotAuthorized);","highlight_start":34,"highlight_end":58}],"label":null,"suggested_replacement":").panic_with_error(&Error::NotAuthorized)","suggestion_applicability":"MaybeIncorrect","expansion":null}],"children":[],"rendered":null}],"rendered":"\u001b[0m\u001b[1m\u001b[38;5;9merror[E0423]\u001b[0m\u001b[0m\u001b[1m: expected function, found macro `panic_with_error`\u001b[0m\n\u001b[0m   \u001b[0m\u001b[0m\u001b[1m\u001b[38;5;12m--> \u001b[0m\u001b[0msavings-goals/src/lib.rs:143:13\u001b[0m\n\u001b[0m    \u001b[0m\u001b[0m\u001b[1m\u001b[38;5;12m|\u001b[0m\n\u001b[0m\u001b[1m\u001b[38;5;12m143\u001b[0m\u001b[0m \u001b[0m\u001b[0m\u001b[1m\u001b[38;5;12m|\u001b[0m\u001b[0m \u001b[0m\u001b[0m            panic_with_error(&env, &Error::NotAuthorized);\u001b[0m\n\u001b[0m    \u001b[0m\u001b[0m\u001b[1m\u001b[38;5;12m|\u001b[0m\u001b[0m             \u001b[0m\u001b[0m\u001b[1m\u001b[38;5;9m^^^^^^^^^^^^^^^^\u001b[0m\u001b[0m \u001b[0m\u001b[0m\u001b[1m\u001b[38;5;9mnot a function\u001b[0m\n\u001b[0m    \u001b[0m\u001b[0m\u001b[1m\u001b[38;5;12m|\u001b[0m\n\u001b[0m\u001b[1m\u001b[38;5;14mhelp\u001b[0m\u001b[0m: use `!` to invoke the macro\u001b[0m\n\u001b[0m    \u001b[0m\u001b[0m\u001b[1m\u001b[38;5;12m|\u001b[0m\n\u001b[0m\u001b[1m\u001b[38;5;12m143\u001b[0m\u001b[0m \u001b[0m\u001b[0m\u001b[1m\u001b[38;5;12m| \u001b[0m\u001b[0m            panic_with_error\u001b[0m\u001b[0m\u001b[38;5;10m!\u001b[0m\u001b[0m(&env, &Error::NotAuthorized);\u001b[0m\n\u001b[0m    \u001b[0m\u001b[0m\u001b[1m\u001b[38;5;12m|\u001b[0m\u001b[0m                             \u001b[0m\u001b[0m\u001b[38;5;10m+\u001b[0m\n\u001b[0m\u001b[1m\u001b[38;5;14mhelp\u001b[0m\u001b[0m: use the `.` operator to call the method `panic_with_error` on `&Env`\u001b[0m\n\u001b[0m    \u001b[0m\u001b[0m\u001b[1m\u001b[38;5;12m|\u001b[0m\n\u001b[0m\u001b[1m\u001b[38;5;12m143\u001b[0m\u001b[0m \u001b[0m\u001b[0m\u001b[38;5;9m- \u001b[0m\u001b[0m            \u001b[0m\u001b[0m\u001b[38;5;9mpanic_with_error(\u001b[0m\u001b[0m&env\u001b[0m\u001b[0m\u001b[38;5;9m, &Error::NotAuthorized)\u001b[0m\u001b[0m;\u001b[0m\n\u001b[0m\u001b[1m\u001b[38;5;12m143\u001b[0m\u001b[0m \u001b[0m\u001b[0m\u001b[38;5;10m+ \u001b[0m\u001b[0m            \u001b[0m\u001b[0m\u001b[38;5;10m(\u001b[0m\u001b[0m&env\u001b[0m\u001b[0m\u001b[38;5;10m).panic_with_error(&Error::NotAuthorized)\u001b[0m\u001b[0m;\u001b[0m\n\u001b[0m    \u001b[0m\u001b[0m\u001b[1m\u001b[38;5;12m|\u001b[0m\n\n"}
{"$message_type":"diagnostic","message":"aborting due to 8 previous errors; 2 warnings emitted","code":null,"level":"error","spans":[],"children":[],"rendered":"\u001b[0m\u001b[1m\u001b[38;5;9merror\u001b[0m\u001b[0m\u001b[1m: aborting due to 8 previous errors; 2 warnings emitted\u001b[0m\n\n"}
{"$message_type":"diagnostic","message":"Some errors have detailed explanations: E0423, E0599.","code":null,"level":"failure-note","spans":[],"children":[],"rendered":"\u001b[0m\u001b[1mSome errors have detailed explanations: E0423, E0599.\u001b[0m\n"}
{"$message_type":"diagnostic","message":"For more information about an error, try `rustc --explain E0423`.","code":null,"level":"failure-note","spans":[],"children":[],"rendered":"\u001b[0m\u001b[1mFor more information about an error, try `rustc --explain E0423`.\u001b[0m\n"}
